<?xml version="1.0" encoding="UTF-8"?>
<!-- Generated by org.testng.reporters.JUnitReportReporter -->
<testsuite hostname="DESKTOP-9PQKA1V" failures="0" tests="1" name="org.runner.Spare" time="2.659" errors="0" timestamp="16 Dec 2021 09:25:26 GMT" skipped="0">
  <testcase classname="org.runner.Spare" name="tc1" time="2.659"/>
</testsuite> <!-- org.runner.Spare -->
