<?xml version="1.0" encoding="UTF-8"?>
<!-- Generated by org.testng.reporters.JUnitReportReporter -->
<testsuite hostname="DESKTOP-9PQKA1V" failures="0" tests="2" name="org.runner.TestRunner" time="0.189" errors="0" timestamp="20 Dec 2021 13:47:22 GMT" skipped="2">
  <testcase classname="org.runner.TestRunner" name="runScenario" time="0.011">
    <skipped/>
  </testcase> <!-- runScenario -->
  <testcase classname="org.runner.TestRunner" name="runScenario" time="0.178">
    <skipped/>
  </testcase> <!-- runScenario -->
</testsuite> <!-- org.runner.TestRunner -->
