<?xml version="1.0" encoding="UTF-8"?>
<!-- Generated by org.testng.reporters.JUnitReportReporter -->
<testsuite hostname="DESKTOP-9PQKA1V" failures="0" tests="1" name="spare.Spare11" time="11.415" errors="0" timestamp="22 Dec 2021 13:03:19 GMT" skipped="0">
  <testcase classname="spare.Spare11" name="tc33" time="11.415"/>
</testsuite> <!-- spare.Spare11 -->
